<?xml version="1.0" encoding="UTF-8"?>
<!-- Generated by org.testng.reporters.JUnitXMLReporter -->
<testsuite ignored="0" hostname="DESKTOP-9B6E1NU" failures="1" tests="1" name="Test" time="41.69" errors="0" timestamp="2025-03-11T10:24:48 IST">
  <testcase classname="testCases.TC008_RejoinOperatorTest" name="verify_add_new_operator" time="14.735">
    <failure type="java.lang.AssertionError" message="Test failed: Element &amp;lt;input class=&amp;quot;text-black focus:outline-none focus:ring-0 focus:border-none w-full border-none mt-2 p-2 bg-light-4 font-medium rounded-md text-xs shadow-none&amp;quot; type=&amp;quot;date&amp;quot;&amp;gt; is not reachable by keyboard
Build info: version: &amp;apos;4.20.0&amp;apos;, revision: &amp;apos;866c76ca80&amp;apos;
System info: os.name: &amp;apos;Windows 10&amp;apos;, os.arch: &amp;apos;amd64&amp;apos;, os.version: &amp;apos;10.0&amp;apos;, java.version: &amp;apos;17.0.8.1&amp;apos;
Driver info: org.openqa.selenium.firefox.FirefoxDriver
Command: [29b33499-7cef-45bd-85f9-b9013ce7cbf7, sendKeysToElement {id=38dabfbe-79af-4130-924f-3c6725d1ee81, value=[Ljava.lang.CharSequence;@9596ce8}]
Capabilities {acceptInsecureCerts: true, browserName: firefox, browserVersion: 136.0, moz:accessibilityChecks: false, moz:buildID: 20250227124745, moz:geckodriverVersion: 0.36.0, moz:headless: false, moz:platformVersion: 10.0, moz:processID: 3012, moz:profile: C:\Users\Ramiz\AppData\Loca..., moz:shutdownTimeout: 60000, moz:webdriverClick: true, moz:windowless: false, pageLoadStrategy: normal, platformName: windows, proxy: Proxy(), setWindowRect: true, strictFileInteractability: false, timeouts: {implicit: 0, pageLoad: 300000, script: 30000}, unhandledPromptBehavior: dismiss and notify, userAgent: Mozilla/5.0 (Windows NT 10....}
Element: [[FirefoxDriver: firefox on windows (29b33499-7cef-45bd-85f9-b9013ce7cbf7)] -&amp;gt; xpath: //label[contains(.,&amp;apos;oining&amp;apos;)]/following-sibling::input]
Session ID: 29b33499-7cef-45bd-85f9-b9013ce7cbf7">
      <![CDATA[java.lang.AssertionError: Test failed: Element <input class="text-black focus:outline-none focus:ring-0 focus:border-none w-full border-none mt-2 p-2 bg-light-4 font-medium rounded-md text-xs shadow-none" type="date"> is not reachable by keyboard
Build info: version: '4.20.0', revision: '866c76ca80'
System info: os.name: 'Windows 10', os.arch: 'amd64', os.version: '10.0', java.version: '17.0.8.1'
Driver info: org.openqa.selenium.firefox.FirefoxDriver
Command: [29b33499-7cef-45bd-85f9-b9013ce7cbf7, sendKeysToElement {id=38dabfbe-79af-4130-924f-3c6725d1ee81, value=[Ljava.lang.CharSequence;@9596ce8}]
Capabilities {acceptInsecureCerts: true, browserName: firefox, browserVersion: 136.0, moz:accessibilityChecks: false, moz:buildID: 20250227124745, moz:geckodriverVersion: 0.36.0, moz:headless: false, moz:platformVersion: 10.0, moz:processID: 3012, moz:profile: C:\Users\Ramiz\AppData\Loca..., moz:shutdownTimeout: 60000, moz:webdriverClick: true, moz:windowless: false, pageLoadStrategy: normal, platformName: windows, proxy: Proxy(), setWindowRect: true, strictFileInteractability: false, timeouts: {implicit: 0, pageLoad: 300000, script: 30000}, unhandledPromptBehavior: dismiss and notify, userAgent: Mozilla/5.0 (Windows NT 10....}
Element: [[FirefoxDriver: firefox on windows (29b33499-7cef-45bd-85f9-b9013ce7cbf7)] -> xpath: //label[contains(.,'oining')]/following-sibling::input]
Session ID: 29b33499-7cef-45bd-85f9-b9013ce7cbf7
at testCases.TC008_RejoinOperatorTest.verify_add_new_operator(TC008_RejoinOperatorTest.java:65)
at java.base/java.util.ArrayList.forEach(ArrayList.java:1511)
... Removed 28 stack frames]]>
    </failure>
  </testcase> <!-- verify_add_new_operator -->
</testsuite> <!-- Test -->
