<?xml version="1.0" encoding="UTF-8"?>
<!-- Generated by org.testng.reporters.JUnitXMLReporter -->
<testsuite ignored="2" hostname="DESKTOP-9B6E1NU" failures="0" tests="8" name="Test" time="149.12" errors="0" timestamp="2025-03-03T10:59:20 IST">
  <testcase classname="testCases.TC002_LoginTest" name="verify_login" time="0.08"/>
  <testcase classname="testCases.TC003_AssetPageTest" name="validateDashboardMetrics" time="2.644"/>
  <testcase classname="testCases.TC003_AssetPageTest" name="validateSearchFunctionality" time="1.48"/>
  <testcase classname="testCases.TC003_AssetPageTest" name="validateExportExcel" time="0.54"/>
  <testcase classname="testCases.TC003_AssetPageTest" name="validateCreateNewAssetPage" time="0.63"/>
  <testcase classname="testCases.TC004_AddAssetTest" name="verify_add_new_asset" time="14.842"/>
  <testcase classname="testCases.TC006_AddLeaseTest" name="verify_add_new_lease" time="24.11"/>
  <testcase classname="testCases.TC007_AddNewOperatorTest" name="verify_add_new_operator" time="11.212"/>
  <testcase classname="testCases.TC003_AssetPageTest" name="changePagination" time="0.0">
    <ignored/>
  </testcase> <!-- changePagination -->
  <testcase classname="testCases.TC003_AssetPageTest" name="filterByCategory" time="0.0">
    <ignored/>
  </testcase> <!-- filterByCategory -->
</testsuite> <!-- Test -->
